<?xml version="1.0" encoding="UTF-8"?>
<!-- Generated by org.testng.reporters.JUnitXMLReporter -->
<testsuite hostname="dell-PC" ignored="0" name="Surefire test" tests="1" failures="1" timestamp="02 Oct 2023 12:26:28 GMT" time="3.332" errors="0">
  <testcase name="@AfterClass tearDownClass" time="0.28" classname="io.cucumber.testng.AbstractTestNGCucumberTests">
    <failure type="java.lang.VerifyError" message="Bad &amp;lt;init&amp;gt; method call
Exception Details:
  Location:
    freemarker/core/BuiltInsForStringsBasic$lengthBI.&amp;lt;init&amp;gt;()V @1: invokespecial
  Reason:
    Type uninitialized 28789 is not assignable to &amp;apos;freemarker/core/BuiltInsForStringsBasic$lengthBI&amp;apos;
  Bytecode:
    0x0000000: 2ab7 0001 b1                           
">
      <![CDATA[java.lang.VerifyError: Bad <init> method call
Exception Details:
  Location:
    freemarker/core/BuiltInsForStringsBasic$lengthBI.<init>()V @1: invokespecial
  Reason:
    Type uninitialized 28789 is not assignable to 'freemarker/core/BuiltInsForStringsBasic$lengthBI'
  Bytecode:
    0x0000000: 2ab7 0001 b1                           

at freemarker.core.BuiltIn.<clinit>(BuiltIn.java:244)
at freemarker.core.FMParser.BuiltIn(FMParser.java:1201)
at freemarker.core.FMParser.PrimaryExpression(FMParser.java:595)
at freemarker.core.FMParser.UnaryExpression(FMParser.java:707)
at freemarker.core.FMParser.MultiplicativeExpression(FMParser.java:822)
at freemarker.core.FMParser.AdditiveExpression(FMParser.java:774)
at freemarker.core.FMParser.RangeExpression(FMParser.java:950)
at freemarker.core.FMParser.RelationalExpression(FMParser.java:902)
at freemarker.core.FMParser.EqualityExpression(FMParser.java:865)
at freemarker.core.FMParser.AndExpression(FMParser.java:1017)
at freemarker.core.FMParser.OrExpression(FMParser.java:1039)
at freemarker.core.FMParser.Expression(FMParser.java:552)
at freemarker.core.FMParser.Assign(FMParser.java:2415)
at freemarker.core.FMParser.FreemarkerDirective(FMParser.java:3643)
at freemarker.core.FMParser.MixedContentElements(FMParser.java:4019)
at freemarker.core.FMParser.If(FMParser.java:1792)
at freemarker.core.FMParser.FreemarkerDirective(FMParser.java:3629)
at freemarker.core.FMParser.MixedContentElements(FMParser.java:4019)
at freemarker.core.FMParser.Root(FMParser.java:4665)
at freemarker.template.Template.<init>(Template.java:252)
at freemarker.cache.TemplateCache.loadTemplate(TemplateCache.java:548)
at freemarker.cache.TemplateCache.getTemplateInternal(TemplateCache.java:439)
at freemarker.cache.TemplateCache.getTemplate(TemplateCache.java:292)
at freemarker.template.Configuration.getTemplate(Configuration.java:2822)
at freemarker.template.Configuration.getTemplate(Configuration.java:2671)
at com.aventstack.extentreports.reporter.ExtentHtmlReporter.flush(ExtentHtmlReporter.java:155)
at com.aventstack.extentreports.reporter.ExtentHtmlReporter.access$100(ExtentHtmlReporter.java:29)
at com.aventstack.extentreports.reporter.ExtentHtmlReporter$1.onNext(ExtentHtmlReporter.java:122)
at com.aventstack.extentreports.reporter.ExtentHtmlReporter$1.onNext(ExtentHtmlReporter.java:114)
at io.reactivex.rxjava3.subjects.PublishSubject$PublishDisposable.onNext(PublishSubject.java:310)
at io.reactivex.rxjava3.subjects.PublishSubject.onNext(PublishSubject.java:226)
at com.aventstack.extentreports.ReactiveSubject.onFlush(ReactiveSubject.java:83)
at com.aventstack.extentreports.AbstractProcessor.onFlush(AbstractProcessor.java:85)
at com.aventstack.extentreports.ExtentReports.flush(ExtentReports.java:279)
at com.aventstack.extentreports.service.ExtentService.flush(ExtentService.java:47)
at com.aventstack.extentreports.cucumber.adapter.ExtentCucumberAdapter.finishReport(ExtentCucumberAdapter.java:301)
at com.aventstack.extentreports.cucumber.adapter.ExtentCucumberAdapter.access$600(ExtentCucumberAdapter.java:63)
at com.aventstack.extentreports.cucumber.adapter.ExtentCucumberAdapter$8.receive(ExtentCucumberAdapter.java:137)
at com.aventstack.extentreports.cucumber.adapter.ExtentCucumberAdapter$8.receive(ExtentCucumberAdapter.java:134)
at io.cucumber.core.eventbus.AbstractEventPublisher.send(AbstractEventPublisher.java:51)
at io.cucumber.core.eventbus.AbstractEventBus.send(AbstractEventBus.java:12)
at io.cucumber.core.runtime.SynchronizedEventBus.send(SynchronizedEventBus.java:47)
at io.cucumber.core.runtime.CucumberExecutionContext.emitTestRunFinished(CucumberExecutionContext.java:111)
at io.cucumber.core.runtime.CucumberExecutionContext.finishTestRun(CucumberExecutionContext.java:98)
at io.cucumber.testng.TestNGCucumberRunner.finish(TestNGCucumberRunner.java:145)
at io.cucumber.testng.AbstractTestNGCucumberTests.tearDownClass(AbstractTestNGCucumberTests.java:57)
... Removed 31 stack frames]]>
    </failure>
  </testcase> <!-- @AfterClass tearDownClass -->
  <testcase name="runScenario" time="1.891" classname="io.cucumber.testng.AbstractTestNGCucumberTests">
    <failure type="org.openqa.selenium.SessionNotCreatedException" message="Could not start a new session. Possible causes are invalid address of the remote server or browser start-up failure. 
Host info: host: &amp;apos;DELL-PC&amp;apos;, ip: &amp;apos;192.168.1.2&amp;apos;">
      <![CDATA[org.openqa.selenium.SessionNotCreatedException: Could not start a new session. Possible causes are invalid address of the remote server or browser start-up failure. 
Host info: host: 'DELL-PC', ip: '192.168.1.2'
at org.openqa.selenium.remote.RemoteWebDriver.execute(RemoteWebDriver.java:559)
at org.openqa.selenium.remote.RemoteWebDriver.startSession(RemoteWebDriver.java:242)
at org.openqa.selenium.remote.RemoteWebDriver.<init>(RemoteWebDriver.java:157)
at org.openqa.selenium.chromium.ChromiumDriver.<init>(ChromiumDriver.java:101)
at org.openqa.selenium.chrome.ChromeDriver.<init>(ChromeDriver.java:81)
at org.openqa.selenium.chrome.ChromeDriver.<init>(ChromeDriver.java:70)
at Basepackage.BaseClass.applicationlaunch(BaseClass.java:18)
at StepDefinitionspackage.LoginStepDefinition.user_is_in_login_page(LoginStepDefinition.java:20)
at âœ½.user is in login page(file:///E:/Mindq/BDDCucumber/feature/logintestcase.feature:5)
Caused by: org.openqa.selenium.WebDriverException: Driver server process died prematurely.
Build info: version: '4.7.0', revision: '0a5b49d16f'
System info: os.name: 'Windows 7', os.arch: 'amd64', os.version: '6.1', java.version: '1.8.0_221'
Driver info: driver.version: ChromeDriver
at org.openqa.selenium.remote.service.DriverService.start(DriverService.java:239)
at org.openqa.selenium.remote.service.DriverCommandExecutor.execute(DriverCommandExecutor.java:98)
at org.openqa.selenium.remote.RemoteWebDriver.execute(RemoteWebDriver.java:541)
at org.openqa.selenium.remote.RemoteWebDriver.startSession(RemoteWebDriver.java:242)
at org.openqa.selenium.remote.RemoteWebDriver.<init>(RemoteWebDriver.java:157)
at org.openqa.selenium.chromium.ChromiumDriver.<init>(ChromiumDriver.java:101)
at org.openqa.selenium.chrome.ChromeDriver.<init>(ChromeDriver.java:81)
at org.openqa.selenium.chrome.ChromeDriver.<init>(ChromeDriver.java:70)
at Basepackage.BaseClass.applicationlaunch(BaseClass.java:18)
at StepDefinitionspackage.LoginStepDefinition.user_is_in_login_page(LoginStepDefinition.java:20)
at io.cucumber.java.Invoker.doInvoke(Invoker.java:66)
at io.cucumber.java.Invoker.invoke(Invoker.java:24)
at io.cucumber.java.AbstractGlueDefinition.invokeMethod(AbstractGlueDefinition.java:47)
at io.cucumber.java.JavaStepDefinition.execute(JavaStepDefinition.java:29)
at io.cucumber.core.runner.CoreStepDefinition.execute(CoreStepDefinition.java:66)
at io.cucumber.core.runner.PickleStepDefinitionMatch.runStep(PickleStepDefinitionMatch.java:63)
at io.cucumber.core.runner.ExecutionMode$1.execute(ExecutionMode.java:10)
at io.cucumber.core.runner.TestStep.executeStep(TestStep.java:84)
at io.cucumber.core.runner.TestStep.run(TestStep.java:56)
at io.cucumber.core.runner.PickleStepTestStep.run(PickleStepTestStep.java:51)
at io.cucumber.core.runner.TestCase.run(TestCase.java:84)
at io.cucumber.core.runner.Runner.runPickle(Runner.java:75)
at io.cucumber.testng.TestNGCucumberRunner.lambda$runScenario$1(TestNGCucumberRunner.java:132)
at io.cucumber.core.runtime.CucumberExecutionContext.lambda$runTestCase$5(CucumberExecutionContext.java:130)
at io.cucumber.core.runtime.RethrowingThrowableCollector.executeAndThrow(RethrowingThrowableCollector.java:23)
at io.cucumber.core.runtime.CucumberExecutionContext.runTestCase(CucumberExecutionContext.java:130)
at io.cucumber.testng.TestNGCucumberRunner.runScenario(TestNGCucumberRunner.java:129)
at io.cucumber.testng.AbstractTestNGCucumberTests.runScenario(AbstractTestNGCucumberTests.java:35)
... Removed 34 stack frames]]>
    </failure>
  </testcase> <!-- runScenario -->
</testsuite> <!-- Surefire test -->
